<?xml version="1.0" encoding="UTF-8"?>
<!-- Generated by org.testng.reporters.JUnitXMLReporter -->
<testsuite ignored="0" hostname="lin66007271" failures="0" tests="8" name="Default test" time="49.135" errors="0" timestamp="2022-11-23T00:58:23 IST">
  <testcase classname="Test_Scenarios.Test_Methods" name="readConfig" time="0.012"/>
  <testcase classname="Test_Scenarios.Test_Methods" name="open_Browser" time="4.562"/>
  <testcase classname="Test_Scenarios.Test_Methods" name="login" time="2.729"/>
  <testcase classname="Test_Scenarios.Test_Methods" name="compare_Products" time="19.789"/>
  <testcase classname="Test_Scenarios.Test_Methods" name="add_To_Cart" time="13.216"/>
  <testcase classname="Test_Scenarios.Test_Methods" name="remove_Products_From_Compare" time="7.516"/>
  <testcase classname="Test_Scenarios.Test_Methods" name="verifyLayout" time="0.237"/>
  <testcase classname="Test_Scenarios.Test_Methods" name="verifySortByOrder" time="1.008"/>
</testsuite> <!-- Default test -->
